mode: set
github.com/thrcd/thr-blog/cmd/web/handlers.go:17.66,18.54 1 1
github.com/thrcd/thr-blog/cmd/web/handlers.go:18.54,21.18 2 1
github.com/thrcd/thr-blog/cmd/web/handlers.go:21.18,24.4 2 1
github.com/thrcd/thr-blog/cmd/web/handlers.go:26.3,30.51 2 1
github.com/thrcd/thr-blog/cmd/web/handlers.go:30.51,30.86 1 1
github.com/thrcd/thr-blog/cmd/web/handlers.go:32.3,36.49 4 1
github.com/thrcd/thr-blog/cmd/web/handlers.go:40.64,41.54 1 1
github.com/thrcd/thr-blog/cmd/web/handlers.go:41.54,48.17 5 1
github.com/thrcd/thr-blog/cmd/web/handlers.go:48.17,51.4 2 1
github.com/thrcd/thr-blog/cmd/web/handlers.go:53.3,56.48 3 1
github.com/thrcd/thr-blog/cmd/web/handlers.go:60.66,63.54 2 1
github.com/thrcd/thr-blog/cmd/web/handlers.go:63.54,65.17 2 1
github.com/thrcd/thr-blog/cmd/web/handlers.go:65.17,68.4 2 1
github.com/thrcd/thr-blog/cmd/web/handlers.go:70.3,72.49 3 1
github.com/thrcd/thr-blog/cmd/web/handlers.go:76.55,80.2 3 1
github.com/thrcd/thr-blog/cmd/web/handlers.go:82.49,85.2 2 1
github.com/thrcd/thr-blog/cmd/web/helpers.go:10.39,12.16 2 1
github.com/thrcd/thr-blog/cmd/web/helpers.go:12.16,14.3 1 1
github.com/thrcd/thr-blog/cmd/web/helpers.go:16.2,17.27 2 1
github.com/thrcd/thr-blog/cmd/web/helpers.go:17.27,18.18 1 1
github.com/thrcd/thr-blog/cmd/web/helpers.go:18.18,21.4 2 1
github.com/thrcd/thr-blog/cmd/web/helpers.go:24.2,24.18 1 1
github.com/thrcd/thr-blog/cmd/web/helpers.go:27.49,29.16 2 1
github.com/thrcd/thr-blog/cmd/web/helpers.go:29.16,31.3 1 1
github.com/thrcd/thr-blog/cmd/web/helpers.go:33.2,34.29 2 1
github.com/thrcd/thr-blog/cmd/web/helpers.go:34.29,35.20 1 1
github.com/thrcd/thr-blog/cmd/web/helpers.go:35.20,37.4 1 1
github.com/thrcd/thr-blog/cmd/web/helpers.go:40.2,40.19 1 1
github.com/thrcd/thr-blog/cmd/web/helpers.go:43.47,46.2 2 1
github.com/thrcd/thr-blog/cmd/web/helpers.go:48.47,50.23 2 1
github.com/thrcd/thr-blog/cmd/web/helpers.go:50.23,52.3 1 1
github.com/thrcd/thr-blog/cmd/web/helpers.go:53.2,53.15 1 1
github.com/thrcd/thr-blog/cmd/web/helpers.go:56.64,59.39 2 1
github.com/thrcd/thr-blog/cmd/web/helpers.go:59.39,61.3 1 0
github.com/thrcd/thr-blog/cmd/web/helpers.go:63.2,63.27 1 1
github.com/thrcd/thr-blog/cmd/web/helpers.go:63.27,65.17 2 1
github.com/thrcd/thr-blog/cmd/web/helpers.go:65.17,67.4 1 0
github.com/thrcd/thr-blog/cmd/web/helpers.go:68.3,71.30 3 1
github.com/thrcd/thr-blog/cmd/web/helpers.go:71.30,73.18 2 1
github.com/thrcd/thr-blog/cmd/web/helpers.go:73.18,75.5 1 0
github.com/thrcd/thr-blog/cmd/web/helpers.go:77.4,85.35 4 1
github.com/thrcd/thr-blog/cmd/web/helpers.go:88.3,88.41 1 1
github.com/thrcd/thr-blog/cmd/web/helpers.go:88.41,90.4 1 1
github.com/thrcd/thr-blog/cmd/web/helpers.go:92.3,92.29 1 1
github.com/thrcd/thr-blog/cmd/web/helpers.go:95.2,95.19 1 1
github.com/thrcd/thr-blog/cmd/web/helpers.go:98.60,100.16 2 1
github.com/thrcd/thr-blog/cmd/web/helpers.go:100.16,102.3 1 1
github.com/thrcd/thr-blog/cmd/web/helpers.go:104.2,105.16 2 1
github.com/thrcd/thr-blog/cmd/web/helpers.go:105.16,107.3 1 0
github.com/thrcd/thr-blog/cmd/web/helpers.go:109.2,109.16 1 1
github.com/thrcd/thr-blog/cmd/web/main.go:14.13,31.2 7 0
github.com/thrcd/thr-blog/cmd/web/routes.go:10.28,14.16 3 0
github.com/thrcd/thr-blog/cmd/web/routes.go:14.16,17.3 2 0
github.com/thrcd/thr-blog/cmd/web/routes.go:19.2,29.12 6 0
github.com/thrcd/thr-blog/cmd/web/template.go:35.37,39.2 1 1
github.com/thrcd/thr-blog/cmd/web/template.go:41.64,46.16 3 1
github.com/thrcd/thr-blog/cmd/web/template.go:46.16,48.3 1 0
github.com/thrcd/thr-blog/cmd/web/template.go:50.2,50.29 1 1
github.com/thrcd/thr-blog/cmd/web/template.go:50.29,60.17 4 1
github.com/thrcd/thr-blog/cmd/web/template.go:60.17,62.4 1 0
github.com/thrcd/thr-blog/cmd/web/template.go:64.3,64.19 1 1
github.com/thrcd/thr-blog/cmd/web/template.go:67.2,67.19 1 1
github.com/thrcd/thr-blog/cmd/web/template.go:72.108,75.9 2 1
github.com/thrcd/thr-blog/cmd/web/template.go:75.9,78.3 2 0
github.com/thrcd/thr-blog/cmd/web/template.go:80.2,82.16 3 1
github.com/thrcd/thr-blog/cmd/web/template.go:82.16,84.3 1 0
github.com/thrcd/thr-blog/cmd/web/template.go:86.2,86.16 1 1
github.com/thrcd/thr-blog/cmd/web/template.go:89.113,92.9 2 1
github.com/thrcd/thr-blog/cmd/web/template.go:92.9,95.3 2 0
github.com/thrcd/thr-blog/cmd/web/template.go:97.2,99.16 3 1
github.com/thrcd/thr-blog/cmd/web/template.go:99.16,101.3 1 0
github.com/thrcd/thr-blog/cmd/web/template.go:103.2,103.23 1 1
github.com/thrcd/thr-blog/cmd/web/template.go:108.36,109.16 1 1
github.com/thrcd/thr-blog/cmd/web/template.go:109.16,111.3 1 0
github.com/thrcd/thr-blog/cmd/web/template.go:113.2,113.38 1 1
github.com/thrcd/thr-blog/cmd/web/template.go:116.31,118.2 1 0
github.com/thrcd/thr-blog/cmd/web/template.go:120.41,122.2 1 1
github.com/thrcd/thr-blog/cmd/web/template.go:124.33,126.2 1 1
github.com/thrcd/thr-blog/internal/parser/parser.go:31.39,38.21 5 1
github.com/thrcd/thr-blog/internal/parser/parser.go:38.21,41.31 2 1
github.com/thrcd/thr-blog/internal/parser/parser.go:41.31,43.4 1 1
github.com/thrcd/thr-blog/internal/parser/parser.go:45.3,45.27 1 1
github.com/thrcd/thr-blog/internal/parser/parser.go:45.27,46.9 1 1
github.com/thrcd/thr-blog/internal/parser/parser.go:49.3,50.9 2 1
github.com/thrcd/thr-blog/internal/parser/parser.go:50.9,52.4 1 1
github.com/thrcd/thr-blog/internal/parser/parser.go:54.3,55.9 2 1
github.com/thrcd/thr-blog/internal/parser/parser.go:55.9,57.18 2 1
github.com/thrcd/thr-blog/internal/parser/parser.go:57.18,59.5 1 1
github.com/thrcd/thr-blog/internal/parser/parser.go:62.3,63.9 2 1
github.com/thrcd/thr-blog/internal/parser/parser.go:63.9,65.4 1 1
github.com/thrcd/thr-blog/internal/parser/parser.go:68.2,68.28 1 1
github.com/thrcd/thr-blog/internal/parser/parser.go:68.28,70.3 1 0
github.com/thrcd/thr-blog/internal/parser/parser.go:72.2,72.17 1 1
github.com/thrcd/thr-blog/internal/parser/parser.go:75.48,80.46 3 1
github.com/thrcd/thr-blog/internal/parser/parser.go:80.46,96.35 7 1
github.com/thrcd/thr-blog/internal/parser/parser.go:96.35,99.35 2 1
github.com/thrcd/thr-blog/internal/parser/parser.go:99.35,101.5 1 1
github.com/thrcd/thr-blog/internal/parser/parser.go:103.4,103.32 1 1
github.com/thrcd/thr-blog/internal/parser/parser.go:103.32,105.5 1 1
github.com/thrcd/thr-blog/internal/parser/parser.go:107.4,107.28 1 1
github.com/thrcd/thr-blog/internal/parser/parser.go:107.28,108.10 1 1
github.com/thrcd/thr-blog/internal/parser/parser.go:112.3,114.39 2 1
github.com/thrcd/thr-blog/internal/parser/parser.go:114.39,116.4 1 0
github.com/thrcd/thr-blog/internal/parser/parser.go:120.2,121.20 2 1
github.com/thrcd/thr-blog/internal/parser/parser.go:121.20,123.3 1 1
github.com/thrcd/thr-blog/internal/parser/parser.go:125.2,129.22 5 1
github.com/thrcd/thr-blog/internal/parser/parser.go:132.69,135.22 2 1
github.com/thrcd/thr-blog/internal/parser/parser.go:135.22,137.3 1 1
github.com/thrcd/thr-blog/internal/parser/parser.go:139.2,139.18 1 1
github.com/thrcd/thr-blog/internal/parser/parser.go:142.75,146.22 3 1
github.com/thrcd/thr-blog/internal/parser/parser.go:146.22,150.26 4 1
github.com/thrcd/thr-blog/internal/parser/parser.go:150.26,152.4 1 1
github.com/thrcd/thr-blog/internal/parser/parser.go:154.3,154.18 1 1
github.com/thrcd/thr-blog/internal/parser/parser.go:157.2,157.19 1 1
