mode: set
github.com/thrcd/thr-blog/cmd/web/handlers.go:19.50,20.54 1 0
github.com/thrcd/thr-blog/cmd/web/handlers.go:20.54,23.17 3 0
github.com/thrcd/thr-blog/cmd/web/handlers.go:23.17,25.4 1 0
github.com/thrcd/thr-blog/cmd/web/handlers.go:27.3,30.48 3 0
github.com/thrcd/thr-blog/cmd/web/handlers.go:34.62,35.54 1 1
github.com/thrcd/thr-blog/cmd/web/handlers.go:35.54,39.18 3 1
github.com/thrcd/thr-blog/cmd/web/handlers.go:39.18,42.4 2 1
github.com/thrcd/thr-blog/cmd/web/handlers.go:44.3,48.51 2 1
github.com/thrcd/thr-blog/cmd/web/handlers.go:48.51,48.86 1 1
github.com/thrcd/thr-blog/cmd/web/handlers.go:50.3,55.49 5 1
github.com/thrcd/thr-blog/cmd/web/handlers.go:59.61,60.54 1 1
github.com/thrcd/thr-blog/cmd/web/handlers.go:60.54,68.17 6 1
github.com/thrcd/thr-blog/cmd/web/handlers.go:68.17,72.4 3 0
github.com/thrcd/thr-blog/cmd/web/handlers.go:74.3,77.48 3 1
github.com/thrcd/thr-blog/cmd/web/handlers.go:81.66,84.54 2 1
github.com/thrcd/thr-blog/cmd/web/handlers.go:84.54,86.17 2 1
github.com/thrcd/thr-blog/cmd/web/handlers.go:86.17,89.4 2 1
github.com/thrcd/thr-blog/cmd/web/handlers.go:91.3,93.49 3 1
github.com/thrcd/thr-blog/cmd/web/handlers.go:97.55,101.2 3 1
github.com/thrcd/thr-blog/cmd/web/handlers.go:103.49,106.2 2 1
github.com/thrcd/thr-blog/cmd/web/helpers.go:10.39,12.16 2 1
github.com/thrcd/thr-blog/cmd/web/helpers.go:12.16,14.3 1 1
github.com/thrcd/thr-blog/cmd/web/helpers.go:16.2,17.27 2 1
github.com/thrcd/thr-blog/cmd/web/helpers.go:17.27,18.18 1 1
github.com/thrcd/thr-blog/cmd/web/helpers.go:18.18,21.4 2 1
github.com/thrcd/thr-blog/cmd/web/helpers.go:24.2,24.18 1 1
github.com/thrcd/thr-blog/cmd/web/helpers.go:27.49,29.16 2 1
github.com/thrcd/thr-blog/cmd/web/helpers.go:29.16,31.3 1 1
github.com/thrcd/thr-blog/cmd/web/helpers.go:33.2,34.29 2 1
github.com/thrcd/thr-blog/cmd/web/helpers.go:34.29,35.20 1 1
github.com/thrcd/thr-blog/cmd/web/helpers.go:35.20,37.4 1 1
github.com/thrcd/thr-blog/cmd/web/helpers.go:40.2,40.19 1 1
github.com/thrcd/thr-blog/cmd/web/helpers.go:43.47,46.2 2 1
github.com/thrcd/thr-blog/cmd/web/helpers.go:48.47,50.23 2 1
github.com/thrcd/thr-blog/cmd/web/helpers.go:50.23,52.3 1 1
github.com/thrcd/thr-blog/cmd/web/helpers.go:53.2,53.15 1 1
github.com/thrcd/thr-blog/cmd/web/helpers.go:56.64,59.39 2 1
github.com/thrcd/thr-blog/cmd/web/helpers.go:59.39,61.3 1 0
github.com/thrcd/thr-blog/cmd/web/helpers.go:63.2,63.27 1 1
github.com/thrcd/thr-blog/cmd/web/helpers.go:63.27,65.17 2 1
github.com/thrcd/thr-blog/cmd/web/helpers.go:65.17,67.4 1 0
github.com/thrcd/thr-blog/cmd/web/helpers.go:68.3,71.30 3 1
github.com/thrcd/thr-blog/cmd/web/helpers.go:71.30,73.18 2 1
github.com/thrcd/thr-blog/cmd/web/helpers.go:73.18,75.5 1 0
github.com/thrcd/thr-blog/cmd/web/helpers.go:77.4,85.35 4 1
github.com/thrcd/thr-blog/cmd/web/helpers.go:88.3,88.41 1 1
github.com/thrcd/thr-blog/cmd/web/helpers.go:88.41,90.4 1 1
github.com/thrcd/thr-blog/cmd/web/helpers.go:92.3,92.29 1 1
github.com/thrcd/thr-blog/cmd/web/helpers.go:95.2,95.19 1 1
github.com/thrcd/thr-blog/cmd/web/helpers.go:98.60,100.16 2 1
github.com/thrcd/thr-blog/cmd/web/helpers.go:100.16,102.3 1 1
github.com/thrcd/thr-blog/cmd/web/helpers.go:104.2,105.16 2 1
github.com/thrcd/thr-blog/cmd/web/helpers.go:105.16,107.3 1 0
github.com/thrcd/thr-blog/cmd/web/helpers.go:109.2,109.16 1 1
github.com/thrcd/thr-blog/cmd/web/main.go:13.13,30.2 7 0
github.com/thrcd/thr-blog/cmd/web/routes.go:10.28,14.16 3 0
github.com/thrcd/thr-blog/cmd/web/routes.go:14.16,17.3 2 0
github.com/thrcd/thr-blog/cmd/web/routes.go:19.2,31.12 8 0
github.com/thrcd/thr-blog/cmd/web/template.go:36.37,40.2 1 1
github.com/thrcd/thr-blog/cmd/web/template.go:42.64,47.16 3 1
github.com/thrcd/thr-blog/cmd/web/template.go:47.16,49.3 1 0
github.com/thrcd/thr-blog/cmd/web/template.go:51.2,51.29 1 1
github.com/thrcd/thr-blog/cmd/web/template.go:51.29,61.17 4 1
github.com/thrcd/thr-blog/cmd/web/template.go:61.17,63.4 1 0
github.com/thrcd/thr-blog/cmd/web/template.go:65.3,65.19 1 1
github.com/thrcd/thr-blog/cmd/web/template.go:68.2,68.19 1 1
github.com/thrcd/thr-blog/cmd/web/template.go:73.108,76.9 2 1
github.com/thrcd/thr-blog/cmd/web/template.go:76.9,79.3 2 0
github.com/thrcd/thr-blog/cmd/web/template.go:81.2,83.16 3 1
github.com/thrcd/thr-blog/cmd/web/template.go:83.16,85.3 1 0
github.com/thrcd/thr-blog/cmd/web/template.go:87.2,87.16 1 1
github.com/thrcd/thr-blog/cmd/web/template.go:90.113,93.9 2 1
github.com/thrcd/thr-blog/cmd/web/template.go:93.9,96.3 2 0
github.com/thrcd/thr-blog/cmd/web/template.go:98.2,100.16 3 1
github.com/thrcd/thr-blog/cmd/web/template.go:100.16,102.3 1 0
github.com/thrcd/thr-blog/cmd/web/template.go:104.2,104.23 1 1
github.com/thrcd/thr-blog/cmd/web/template.go:109.52,110.16 1 1
github.com/thrcd/thr-blog/cmd/web/template.go:110.16,112.3 1 0
github.com/thrcd/thr-blog/cmd/web/template.go:114.2,114.31 1 1
github.com/thrcd/thr-blog/cmd/web/template.go:117.31,119.2 1 0
github.com/thrcd/thr-blog/cmd/web/template.go:121.41,123.2 1 1
github.com/thrcd/thr-blog/cmd/web/template.go:125.33,127.2 1 1
github.com/thrcd/thr-blog/internal/parser/parser.go:30.39,37.21 5 1
github.com/thrcd/thr-blog/internal/parser/parser.go:37.21,40.31 2 1
github.com/thrcd/thr-blog/internal/parser/parser.go:40.31,42.4 1 1
github.com/thrcd/thr-blog/internal/parser/parser.go:44.3,44.27 1 1
github.com/thrcd/thr-blog/internal/parser/parser.go:44.27,45.9 1 1
github.com/thrcd/thr-blog/internal/parser/parser.go:48.3,49.9 2 1
github.com/thrcd/thr-blog/internal/parser/parser.go:49.9,51.4 1 1
github.com/thrcd/thr-blog/internal/parser/parser.go:53.3,54.9 2 1
github.com/thrcd/thr-blog/internal/parser/parser.go:54.9,56.18 2 1
github.com/thrcd/thr-blog/internal/parser/parser.go:56.18,58.5 1 1
github.com/thrcd/thr-blog/internal/parser/parser.go:61.3,62.9 2 1
github.com/thrcd/thr-blog/internal/parser/parser.go:62.9,64.4 1 1
github.com/thrcd/thr-blog/internal/parser/parser.go:67.2,67.28 1 1
github.com/thrcd/thr-blog/internal/parser/parser.go:67.28,69.3 1 0
github.com/thrcd/thr-blog/internal/parser/parser.go:71.2,71.17 1 1
github.com/thrcd/thr-blog/internal/parser/parser.go:74.51,79.52 3 1
github.com/thrcd/thr-blog/internal/parser/parser.go:79.52,92.35 7 1
github.com/thrcd/thr-blog/internal/parser/parser.go:92.35,96.32 3 1
github.com/thrcd/thr-blog/internal/parser/parser.go:96.32,98.5 1 1
github.com/thrcd/thr-blog/internal/parser/parser.go:100.4,100.28 1 1
github.com/thrcd/thr-blog/internal/parser/parser.go:100.28,101.10 1 1
github.com/thrcd/thr-blog/internal/parser/parser.go:106.3,108.39 2 1
github.com/thrcd/thr-blog/internal/parser/parser.go:108.39,110.4 1 0
github.com/thrcd/thr-blog/internal/parser/parser.go:113.2,114.20 2 1
github.com/thrcd/thr-blog/internal/parser/parser.go:114.20,116.3 1 1
github.com/thrcd/thr-blog/internal/parser/parser.go:118.2,122.22 4 1
github.com/thrcd/thr-blog/internal/parser/parser.go:125.69,128.22 2 1
github.com/thrcd/thr-blog/internal/parser/parser.go:128.22,130.3 1 1
github.com/thrcd/thr-blog/internal/parser/parser.go:132.2,132.18 1 1
github.com/thrcd/thr-blog/internal/parser/parser.go:135.75,139.22 3 1
github.com/thrcd/thr-blog/internal/parser/parser.go:139.22,143.26 4 1
github.com/thrcd/thr-blog/internal/parser/parser.go:143.26,145.4 1 1
github.com/thrcd/thr-blog/internal/parser/parser.go:147.3,147.18 1 1
github.com/thrcd/thr-blog/internal/parser/parser.go:150.2,150.19 1 1
